<?xml version="1.0" encoding="UTF-8"?>
<!-- Generated by org.testng.reporters.JUnitReportReporter -->
<testsuite hostname="Narens-MBP" name="com.MavenProject.OnlineShopping.OpenBowser" tests="2" failures="0" timestamp="24 May 2018 16:56:27 GMT" time="28.077" errors="0">
  <testcase name="launchApplication" time="16.916" classname="com.MavenProject.OnlineShopping.OpenBowser"/>
  <testcase name="application" time="11.161" classname="com.MavenProject.OnlineShopping.OpenBowser"/>
</testsuite> <!-- com.MavenProject.OnlineShopping.OpenBowser -->
