<?xml version="1.0" encoding="UTF-8"?>
<!-- Generated by org.testng.reporters.JUnitReportReporter -->
<testsuite hostname="Narens-MBP" name="com.MavenProject.OnlineShopping.vani" tests="3" failures="0" timestamp="24 May 2018 16:56:27 GMT" time="32.593" errors="0">
  <testcase name="launchApplication" time="16.615" classname="com.MavenProject.OnlineShopping.vani"/>
  <testcase name="application" time="6.542" classname="com.MavenProject.OnlineShopping.vani"/>
  <testcase name="appl" time="9.436" classname="com.MavenProject.OnlineShopping.vani"/>
</testsuite> <!-- com.MavenProject.OnlineShopping.vani -->
